0 info it worked if it ends with ok
1 verbose cli [ 'C:\\Program Files\\nodejs\\node.exe',
1 verbose cli   'C:\\Program Files\\nodejs\\node_modules\\npm\\bin\\npm-cli.js',
1 verbose cli   'start' ]
2 info using npm@4.1.2
3 info using node@v7.5.0
4 verbose run-script [ 'prestart', 'start', 'poststart' ]
5 info lifecycle cotd@0.0.1~prestart: cotd@0.0.1
6 silly lifecycle cotd@0.0.1~prestart: no script for prestart, continuing
7 info lifecycle cotd@0.0.1~start: cotd@0.0.1
8 verbose lifecycle cotd@0.0.1~start: unsafe-perm in lifecycle true
9 verbose lifecycle cotd@0.0.1~start: PATH: C:\Program Files\nodejs\node_modules\npm\bin\node-gyp-bin;C:\Users\Jessin\Downloads\[Wes Bos] React for Beginners\React for Beginners\React-For-Beginners-Starter-Files-master\catch-of-the-day\node_modules\.bin;C:\Program Files\Java\jdk1.8.0_101\bin;C:\Program Files (x86)\Skype\Phone\;C:\WINDOWS\system32;C:\WINDOWS;C:\WINDOWS\System32\Wbem;C:\WINDOWS\System32\WindowsPowerShell\v1.0\;C:\Program Files\Git\cmd;C:\WINDOWS\system32\config\systemprofile\AppData\Local\Android\Sdk\platform-tools\;C:\Program Files\nodejs\;C:\Program Files (x86)\Yarn\bin;C:\Program Files (x86)\Brackets\command;C:\Program Files\PuTTY\;C:\Users\Jessin\AppData\Local\Programs\Python\Python36-32\Scripts\;C:\Users\Jessin\AppData\Local\Programs\Python\Python36-32\;C:\Users\Jessin\AppData\Local\Microsoft\WindowsApps;C:\Program Files (x86)\Nmap;C:\Users\Jessin\AppData\Local\Android\Sdk\platform-tools\;C:\Users\Jessin\AppData\Roaming\npm;C:\Users\Jessin\AppData\Local\Yarn\.bin;;C:\Program Files\Microsoft VS Code\bin
10 verbose lifecycle cotd@0.0.1~start: CWD: C:\Users\Jessin\Downloads\[Wes Bos] React for Beginners\React for Beginners\React-For-Beginners-Starter-Files-master\catch-of-the-day
11 silly lifecycle cotd@0.0.1~start: Args: [ '/d /s /c', 'react-scripts start' ]
12 silly lifecycle cotd@0.0.1~start: Returned: code: 1  signal: null
13 info lifecycle cotd@0.0.1~start: Failed to exec start script
14 verbose stack Error: cotd@0.0.1 start: `react-scripts start`
14 verbose stack Exit status 1
14 verbose stack     at EventEmitter.<anonymous> (C:\Program Files\nodejs\node_modules\npm\lib\utils\lifecycle.js:279:16)
14 verbose stack     at emitTwo (events.js:106:13)
14 verbose stack     at EventEmitter.emit (events.js:192:7)
14 verbose stack     at ChildProcess.<anonymous> (C:\Program Files\nodejs\node_modules\npm\lib\utils\spawn.js:40:14)
14 verbose stack     at emitTwo (events.js:106:13)
14 verbose stack     at ChildProcess.emit (events.js:192:7)
14 verbose stack     at maybeClose (internal/child_process.js:890:16)
14 verbose stack     at Process.ChildProcess._handle.onexit (internal/child_process.js:226:5)
15 verbose pkgid cotd@0.0.1
16 verbose cwd C:\Users\Jessin\Downloads\[Wes Bos] React for Beginners\React for Beginners\React-For-Beginners-Starter-Files-master\catch-of-the-day
17 error Windows_NT 10.0.15063
18 error argv "C:\\Program Files\\nodejs\\node.exe" "C:\\Program Files\\nodejs\\node_modules\\npm\\bin\\npm-cli.js" "start"
19 error node v7.5.0
20 error npm  v4.1.2
21 error code ELIFECYCLE
22 error cotd@0.0.1 start: `react-scripts start`
22 error Exit status 1
23 error Failed at the cotd@0.0.1 start script 'react-scripts start'.
23 error Make sure you have the latest version of node.js and npm installed.
23 error If you do, this is most likely a problem with the cotd package,
23 error not with npm itself.
23 error Tell the author that this fails on your system:
23 error     react-scripts start
23 error You can get information on how to open an issue for this project with:
23 error     npm bugs cotd
23 error Or if that isn't available, you can get their info via:
23 error     npm owner ls cotd
23 error There is likely additional logging output above.
24 verbose exit [ 1, true ]
